# JRE version: OpenJDK Runtime Environment (8.0_152-b06) (build 1.8.0_152-release-1136-b06)
# Java VM: OpenJDK 64-Bit Server VM (25.152-b06 mixed mode windows-amd64 compressed oops)
Heap:
 PSYoungGen      total 99328K, used 52580K [0x00000000e0000000, 0x00000000e8c00000, 0x0000000100000000)
  eden space 92160K, 49% used [0x00000000e0000000,0x00000000e2c9b010,0x00000000e5a00000)
  from space 7168K, 96% used [0x00000000e8500000,0x00000000e8bbe358,0x00000000e8c00000)
  to   space 8704K, 0% used [0x00000000e7b00000,0x00000000e7b00000,0x00000000e8380000)
 ParOldGen       total 39424K, used 10808K [0x00000000a0000000, 0x00000000a2680000, 0x00000000e0000000)
  object space 39424K, 27% used [0x00000000a0000000,0x00000000a0a8e368,0x00000000a2680000)
 Metaspace       used 29150K, capacity 29596K, committed 29952K, reserved 1075200K
  class space    used 4075K, capacity 4247K, committed 4352K, reserved 1048576K
GC Heap History (10 events):
Event: 8.198 GC heap before
{Heap before GC invocations=5 (full 0):
 PSYoungGen      total 35328K, used 35312K [0x00000000e0000000, 0x00000000e2500000, 0x0000000100000000)
  eden space 32768K, 100% used [0x00000000e0000000,0x00000000e2000000,0x00000000e2000000)
  from space 2560K, 99% used [0x00000000e2280000,0x00000000e24fc050,0x00000000e2500000)
  to   space 2560K, 0% used [0x00000000e2000000,0x00000000e2000000,0x00000000e2280000)
 ParOldGen       total 44032K, used 2611K [0x00000000a0000000, 0x00000000a2b00000, 0x00000000e0000000)
  object space 44032K, 5% used [0x00000000a0000000,0x00000000a028ce90,0x00000000a2b00000)
 Metaspace       used 13976K, capacity 14300K, committed 14464K, reserved 1060864K
  class space    used 1945K, capacity 2092K, committed 2176K, reserved 1048576K
Event: 8.227 GC heap after
Heap after GC invocations=5 (full 0):
 PSYoungGen      total 35328K, used 2528K [0x00000000e0000000, 0x00000000e4c00000, 0x0000000100000000)
  eden space 32768K, 0% used [0x00000000e0000000,0x00000000e0000000,0x00000000e2000000)
  from space 2560K, 98% used [0x00000000e2000000,0x00000000e2278040,0x00000000e2280000)
  to   space 6144K, 0% used [0x00000000e4600000,0x00000000e4600000,0x00000000e4c00000)
 ParOldGen       total 44032K, used 6268K [0x00000000a0000000, 0x00000000a2b00000, 0x00000000e0000000)
  object space 44032K, 14% used [0x00000000a0000000,0x00000000a061f318,0x00000000a2b00000)
 Metaspace       used 13976K, capacity 14300K, committed 14464K, reserved 1060864K
  class space    used 1945K, capacity 2092K, committed 2176K, reserved 1048576K
}
Event: 11.115 GC heap before
{Heap before GC invocations=6 (full 0):
 PSYoungGen      total 35328K, used 35296K [0x00000000e0000000, 0x00000000e4c00000, 0x0000000100000000)
  eden space 32768K, 100% used [0x00000000e0000000,0x00000000e2000000,0x00000000e2000000)
  from space 2560K, 98% used [0x00000000e2000000,0x00000000e2278040,0x00000000e2280000)
  to   space 6144K, 0% used [0x00000000e4600000,0x00000000e4600000,0x00000000e4c00000)
 ParOldGen       total 44032K, used 6268K [0x00000000a0000000, 0x00000000a2b00000, 0x00000000e0000000)
  object space 44032K, 14% used [0x00000000a0000000,0x00000000a061f318,0x00000000a2b00000)
 Metaspace       used 17147K, capacity 17524K, committed 17792K, reserved 1064960K
  class space    used 2475K, capacity 2608K, committed 2688K, reserved 1048576K
Event: 11.145 GC heap after
Heap after GC invocations=6 (full 0):
 PSYoungGen      total 70144K, used 6134K [0x00000000e0000000, 0x00000000e4f00000, 0x0000000100000000)
  eden space 64000K, 0% used [0x00000000e0000000,0x00000000e0000000,0x00000000e3e80000)
  from space 6144K, 99% used [0x00000000e4600000,0x00000000e4bfd9e8,0x00000000e4c00000)
  to   space 7680K, 0% used [0x00000000e3e80000,0x00000000e3e80000,0x00000000e4600000)
 ParOldGen       total 44032K, used 6801K [0x00000000a0000000, 0x00000000a2b00000, 0x00000000e0000000)
  object space 44032K, 15% used [0x00000000a0000000,0x00000000a06a4748,0x00000000a2b00000)
 Metaspace       used 17147K, capacity 17524K, committed 17792K, reserved 1064960K
  class space    used 2475K, capacity 2608K, committed 2688K, reserved 1048576K
}
Event: 13.468 GC heap before
{Heap before GC invocations=7 (full 0):
 PSYoungGen      total 70144K, used 26026K [0x00000000e0000000, 0x00000000e4f00000, 0x0000000100000000)
  eden space 64000K, 31% used [0x00000000e0000000,0x00000000e136cec0,0x00000000e3e80000)
  from space 6144K, 99% used [0x00000000e4600000,0x00000000e4bfd9e8,0x00000000e4c00000)
  to   space 7680K, 0% used [0x00000000e3e80000,0x00000000e3e80000,0x00000000e4600000)
 ParOldGen       total 44032K, used 6801K [0x00000000a0000000, 0x00000000a2b00000, 0x00000000e0000000)
  object space 44032K, 15% used [0x00000000a0000000,0x00000000a06a4748,0x00000000a2b00000)
 Metaspace       used 20815K, capacity 21244K, committed 21248K, reserved 1067008K
  class space    used 2916K, capacity 3072K, committed 3072K, reserved 1048576K
Event: 13.501 GC heap after
Heap after GC invocations=7 (full 0):
 PSYoungGen      total 71680K, used 6105K [0x00000000e0000000, 0x00000000e8d00000, 0x0000000100000000)
  eden space 64000K, 0% used [0x00000000e0000000,0x00000000e0000000,0x00000000e3e80000)
  from space 7680K, 79% used [0x00000000e3e80000,0x00000000e4476698,0x00000000e4600000)
  to   space 8192K, 0% used [0x00000000e8500000,0x00000000e8500000,0x00000000e8d00000)
 ParOldGen       total 44032K, used 7585K [0x00000000a0000000, 0x00000000a2b00000, 0x00000000e0000000)
  object space 44032K, 17% used [0x00000000a0000000,0x00000000a0768798,0x00000000a2b00000)
 Metaspace       used 20815K, capacity 21244K, committed 21248K, reserved 1067008K
  class space    used 2916K, capacity 3072K, committed 3072K, reserved 1048576K
}
Event: 13.501 GC heap before
{Heap before GC invocations=8 (full 1):
 PSYoungGen      total 71680K, used 6105K [0x00000000e0000000, 0x00000000e8d00000, 0x0000000100000000)
  eden space 64000K, 0% used [0x00000000e0000000,0x00000000e0000000,0x00000000e3e80000)
  from space 7680K, 79% used [0x00000000e3e80000,0x00000000e4476698,0x00000000e4600000)
  to   space 8192K, 0% used [0x00000000e8500000,0x00000000e8500000,0x00000000e8d00000)
 ParOldGen       total 44032K, used 7585K [0x00000000a0000000, 0x00000000a2b00000, 0x00000000e0000000)
  object space 44032K, 17% used [0x00000000a0000000,0x00000000a0768798,0x00000000a2b00000)
 Metaspace       used 20815K, capacity 21244K, committed 21248K, reserved 1067008K
  class space    used 2916K, capacity 3072K, committed 3072K, reserved 1048576K
Event: 13.687 GC heap after
Heap after GC invocations=8 (full 1):
 PSYoungGen      total 71680K, used 0K [0x00000000e0000000, 0x00000000e8d00000, 0x0000000100000000)
  eden space 64000K, 0% used [0x00000000e0000000,0x00000000e0000000,0x00000000e3e80000)
  from space 7680K, 0% used [0x00000000e3e80000,0x00000000e3e80000,0x00000000e4600000)
  to   space 8192K, 0% used [0x00000000e8500000,0x00000000e8500000,0x00000000e8d00000)
 ParOldGen       total 39424K, used 10800K [0x00000000a0000000, 0x00000000a2680000, 0x00000000e0000000)
  object space 39424K, 27% used [0x00000000a0000000,0x00000000a0a8c368,0x00000000a2680000)
 Metaspace       used 20815K, capacity 21244K, committed 21248K, reserved 1067008K
  class space    used 2916K, capacity 3072K, committed 3072K, reserved 1048576K
}
Event: 17.978 GC heap before
{Heap before GC invocations=9 (full 1):
 PSYoungGen      total 71680K, used 64000K [0x00000000e0000000, 0x00000000e8d00000, 0x0000000100000000)
  eden space 64000K, 100% used [0x00000000e0000000,0x00000000e3e80000,0x00000000e3e80000)
  from space 7680K, 0% used [0x00000000e3e80000,0x00000000e3e80000,0x00000000e4600000)
  to   space 8192K, 0% used [0x00000000e8500000,0x00000000e8500000,0x00000000e8d00000)
 ParOldGen       total 39424K, used 10800K [0x00000000a0000000, 0x00000000a2680000, 0x00000000e0000000)
  object space 39424K, 27% used [0x00000000a0000000,0x00000000a0a8c368,0x00000000a2680000)
 Metaspace       used 26595K, capacity 26966K, committed 27136K, reserved 1073152K
  class space    used 3643K, capacity 3797K, committed 3840K, reserved 1048576K
Event: 18.007 GC heap after
Heap after GC invocations=9 (full 1):
 PSYoungGen      total 99328K, used 6904K [0x00000000e0000000, 0x00000000e8c00000, 0x0000000100000000)
  eden space 92160K, 0% used [0x00000000e0000000,0x00000000e0000000,0x00000000e5a00000)
  from space 7168K, 96% used [0x00000000e8500000,0x00000000e8bbe358,0x00000000e8c00000)
  to   space 8704K, 0% used [0x00000000e7b00000,0x00000000e7b00000,0x00000000e8380000)
 ParOldGen       total 39424K, used 10808K [0x00000000a0000000, 0x00000000a2680000, 0x00000000e0000000)
  object space 39424K, 27% used [0x00000000a0000000,0x00000000a0a8e368,0x00000000a2680000)
 Metaspace       used 26595K, capacity 26966K, committed 27136K, reserved 1073152K
  class space    used 3643K, capacity 3797K, committed 3840K, reserved 1048576K
}

